<?xml version="1.0" encoding="utf-8"?><testsuites name="pytest tests"><testsuite name="pytest" errors="0" failures="0" skipped="0" tests="15" time="1.688" timestamp="2026-03-28T20:58:24.378361+00:00" hostname="agent-env-e378093c-4636-4359-9549-720fdb1da8fe"><testcase classname="backend.tests.test_exam_features.TestAuth" name="test_register_new_user" time="0.479" /><testcase classname="backend.tests.test_exam_features.TestAuth" name="test_register_duplicate_email" time="0.050" /><testcase classname="backend.tests.test_exam_features.TestAuth" name="test_login_success" time="0.269" /><testcase classname="backend.tests.test_exam_features.TestAuth" name="test_login_wrong_password" time="0.269" /><testcase classname="backend.tests.test_exam_features.TestErrorWithImage" name="test_post_error_with_image" time="0.050" /><testcase classname="backend.tests.test_exam_features.TestErrorWithImage" name="test_post_error_without_image" time="0.047" /><testcase classname="backend.tests.test_exam_features.TestErrorWithImage" name="test_post_error_no_auth" time="0.045" /><testcase classname="backend.tests.test_exam_features.TestServeImage" name="test_serve_image_ok" time="0.051" /><testcase classname="backend.tests.test_exam_features.TestServeImage" name="test_serve_image_not_found" time="0.053" /><testcase classname="backend.tests.test_exam_features.TestExamQuestions" name="test_get_questions_month_all" time="0.054" /><testcase classname="backend.tests.test_exam_features.TestExamQuestions" name="test_get_questions_image_url_format" time="0.046" /><testcase classname="backend.tests.test_exam_features.TestExamQuestions" name="test_get_questions_week_filter" time="0.046" /><testcase classname="backend.tests.test_exam_features.TestExamQuestions" name="test_get_questions_no_auth" time="0.049" /><testcase classname="backend.tests.test_exam_features.TestExamResults" name="test_post_exam_results" time="0.055" /><testcase classname="backend.tests.test_exam_features.TestExamResults" name="test_post_exam_results_no_auth" time="0.048" /></testsuite></testsuites>