<?xml version="1.0" encoding="utf-8"?><testsuites name="pytest tests"><testsuite name="pytest" errors="0" failures="0" skipped="0" tests="7" time="1.237" timestamp="2026-03-26T01:27:30.718437+00:00" hostname="agent-env-e378093c-4636-4359-9549-720fdb1da8fe"><testcase classname="backend.tests.test_mystudybody.TestRoot" name="test_api_root" time="0.254" /><testcase classname="backend.tests.test_mystudybody.TestSessions" name="test_create_session" time="0.169" /><testcase classname="backend.tests.test_mystudybody.TestSessions" name="test_get_sessions" time="0.135" /><testcase classname="backend.tests.test_mystudybody.TestSessions" name="test_weekly_stats" time="0.110" /><testcase classname="backend.tests.test_mystudybody.TestErrors" name="test_create_error" time="0.187" /><testcase classname="backend.tests.test_mystudybody.TestErrors" name="test_get_errors" time="0.117" /><testcase classname="backend.tests.test_mystudybody.TestErrors" name="test_error_stats" time="0.103" /></testsuite></testsuites>